# Logfile created on 2014-02-21 23:30:13 -0600 by logger.rb/44203
D, [2014-02-21T23:30:13.064263 #6194] DEBUG -- : REQUESTING PAGE: GET / with {} and HTTP headers {}
D, [2014-02-21T23:30:58.182335 #6205] DEBUG -- : REQUESTING PAGE: GET / with {} and HTTP headers {}
D, [2014-02-21T23:30:58.190166 #6205] DEBUG -- : REQUESTING PAGE: GET /about with {} and HTTP headers {"HTTP_REFERER"=>"/"}
D, [2014-02-21T23:33:21.495957 #6216] DEBUG -- : REQUESTING PAGE: GET / with {} and HTTP headers {}
D, [2014-02-21T23:33:21.502889 #6216] DEBUG -- : REQUESTING PAGE: GET /about with {} and HTTP headers {"HTTP_REFERER"=>"/"}
D, [2014-02-21T23:33:21.510714 #6216] DEBUG -- : REQUESTING PAGE: GET /contact with {} and HTTP headers {"HTTP_REFERER"=>"/about"}
D, [2014-02-21T23:33:21.518029 #6216] DEBUG -- : REQUESTING PAGE: GET / with {} and HTTP headers {"HTTP_REFERER"=>"/contact"}
D, [2014-02-21T23:33:21.523667 #6216] DEBUG -- : REQUESTING PAGE: GET /signup with {} and HTTP headers {"HTTP_REFERER"=>"/"}
D, [2014-02-21T23:35:00.982905 #6225] DEBUG -- : REQUESTING PAGE: GET / with {} and HTTP headers {}
D, [2014-02-21T23:35:01.039374 #6225] DEBUG -- : REQUESTING PAGE: GET /about with {} and HTTP headers {"HTTP_REFERER"=>"/"}
D, [2014-02-21T23:35:01.046092 #6225] DEBUG -- : REQUESTING PAGE: GET /contact with {} and HTTP headers {"HTTP_REFERER"=>"/about"}
D, [2014-02-21T23:35:01.052489 #6225] DEBUG -- : REQUESTING PAGE: GET / with {} and HTTP headers {"HTTP_REFERER"=>"/contact"}
D, [2014-02-21T23:35:01.059824 #6225] DEBUG -- : REQUESTING PAGE: GET /signup with {} and HTTP headers {"HTTP_REFERER"=>"/"}
D, [2014-02-21T23:35:25.774014 #6234] DEBUG -- : REQUESTING PAGE: GET / with {} and HTTP headers {}
D, [2014-02-21T23:35:25.780579 #6234] DEBUG -- : REQUESTING PAGE: GET /about with {} and HTTP headers {"HTTP_REFERER"=>"/"}
D, [2014-02-21T23:35:25.787332 #6234] DEBUG -- : REQUESTING PAGE: GET /contact with {} and HTTP headers {"HTTP_REFERER"=>"/about"}
D, [2014-02-21T23:35:25.792282 #6234] DEBUG -- : REQUESTING PAGE: GET / with {} and HTTP headers {"HTTP_REFERER"=>"/contact"}
D, [2014-02-21T23:35:25.797325 #6234] DEBUG -- : REQUESTING PAGE: GET /signup with {} and HTTP headers {"HTTP_REFERER"=>"/"}
D, [2014-02-21T23:36:46.999833 #6243] DEBUG -- : REQUESTING PAGE: GET / with {} and HTTP headers {}
D, [2014-02-21T23:36:47.055788 #6243] DEBUG -- : REQUESTING PAGE: GET /about with {} and HTTP headers {"HTTP_REFERER"=>"/"}
D, [2014-02-21T23:36:47.062557 #6243] DEBUG -- : REQUESTING PAGE: GET /contact with {} and HTTP headers {"HTTP_REFERER"=>"/about"}
D, [2014-02-21T23:36:47.068817 #6243] DEBUG -- : REQUESTING PAGE: GET / with {} and HTTP headers {"HTTP_REFERER"=>"/contact"}
D, [2014-02-21T23:36:47.073530 #6243] DEBUG -- : REQUESTING PAGE: GET /signup with {} and HTTP headers {"HTTP_REFERER"=>"/"}
